# JRE version: OpenJDK Runtime Environment (8.0_151-b12) (build 1.8.0_151-8u151-b12-0ubuntu0.16.04.2-b12)
# Java VM: OpenJDK 64-Bit Server VM (25.151-b12 mixed mode linux-amd64 compressed oops)
Heap:
 PSYoungGen      total 248320K, used 0K [0x00000000eab00000, 0x00000000ffc00000, 0x0000000100000000)
  eden space 195072K, 0% used [0x00000000eab00000,0x00000000eab00000,0x00000000f6980000)
  from space 53248K, 0% used [0x00000000f6980000,0x00000000f6980000,0x00000000f9d80000)
  to   space 53760K, 0% used [0x00000000fc780000,0x00000000fc780000,0x00000000ffc00000)
 ParOldGen       total 87040K, used 64424K [0x00000000c0000000, 0x00000000c5500000, 0x00000000eab00000)
  object space 87040K, 74% used [0x00000000c0000000,0x00000000c3eea108,0x00000000c5500000)
 Metaspace       used 65365K, capacity 67242K, committed 67672K, reserved 1107968K
  class space    used 8486K, capacity 8992K, committed 9088K, reserved 1048576K
GC Heap History (10 events):
Event: 21,113 GC heap after
Heap after GC invocations=18 (full 3):
 PSYoungGen      total 159744K, used 0K [0x00000000eab00000, 0x00000000f8500000, 0x0000000100000000)
  eden space 134144K, 0% used [0x00000000eab00000,0x00000000eab00000,0x00000000f2e00000)
  from space 25600K, 0% used [0x00000000f2e00000,0x00000000f2e00000,0x00000000f4700000)
  to   space 26112K, 0% used [0x00000000f6b80000,0x00000000f6b80000,0x00000000f8500000)
 ParOldGen       total 87040K, used 37326K [0x00000000c0000000, 0x00000000c5500000, 0x00000000eab00000)
  object space 87040K, 42% used [0x00000000c0000000,0x00000000c24739d0,0x00000000c5500000)
 Metaspace       used 57165K, capacity 58914K, committed 59028K, reserved 1099776K
  class space    used 7687K, capacity 8146K, committed 8192K, reserved 1048576K
}
Event: 25,158 GC heap before
{Heap before GC invocations=19 (full 3):
 PSYoungGen      total 159744K, used 134144K [0x00000000eab00000, 0x00000000f8500000, 0x0000000100000000)
  eden space 134144K, 100% used [0x00000000eab00000,0x00000000f2e00000,0x00000000f2e00000)
  from space 25600K, 0% used [0x00000000f2e00000,0x00000000f2e00000,0x00000000f4700000)
  to   space 26112K, 0% used [0x00000000f6b80000,0x00000000f6b80000,0x00000000f8500000)
 ParOldGen       total 87040K, used 37326K [0x00000000c0000000, 0x00000000c5500000, 0x00000000eab00000)
  object space 87040K, 42% used [0x00000000c0000000,0x00000000c24739d0,0x00000000c5500000)
 Metaspace       used 64013K, capacity 65966K, committed 66264K, reserved 1105920K
  class space    used 8395K, capacity 8900K, committed 8960K, reserved 1048576K
Event: 25,211 GC heap after
Heap after GC invocations=19 (full 3):
 PSYoungGen      total 194048K, used 23203K [0x00000000eab00000, 0x00000000f8980000, 0x0000000100000000)
  eden space 167936K, 0% used [0x00000000eab00000,0x00000000eab00000,0x00000000f4f00000)
  from space 26112K, 88% used [0x00000000f6b80000,0x00000000f8228c40,0x00000000f8500000)
  to   space 29184K, 0% used [0x00000000f4f00000,0x00000000f4f00000,0x00000000f6b80000)
 ParOldGen       total 87040K, used 37334K [0x00000000c0000000, 0x00000000c5500000, 0x00000000eab00000)
  object space 87040K, 42% used [0x00000000c0000000,0x00000000c24759d0,0x00000000c5500000)
 Metaspace       used 64013K, capacity 65966K, committed 66264K, reserved 1105920K
  class space    used 8395K, capacity 8900K, committed 8960K, reserved 1048576K
}
Event: 26,746 GC heap before
{Heap before GC invocations=20 (full 3):
 PSYoungGen      total 194048K, used 184540K [0x00000000eab00000, 0x00000000f8980000, 0x0000000100000000)
  eden space 167936K, 96% used [0x00000000eab00000,0x00000000f488e3e0,0x00000000f4f00000)
  from space 26112K, 88% used [0x00000000f6b80000,0x00000000f8228c40,0x00000000f8500000)
  to   space 29184K, 0% used [0x00000000f4f00000,0x00000000f4f00000,0x00000000f6b80000)
 ParOldGen       total 87040K, used 37334K [0x00000000c0000000, 0x00000000c5500000, 0x00000000eab00000)
  object space 87040K, 42% used [0x00000000c0000000,0x00000000c24759d0,0x00000000c5500000)
 Metaspace       used 64720K, capacity 66660K, committed 66776K, reserved 1107968K
  class space    used 8430K, capacity 8939K, committed 8960K, reserved 1048576K
Event: 26,831 GC heap after
Heap after GC invocations=20 (full 3):
 PSYoungGen      total 197120K, used 29183K [0x00000000eab00000, 0x00000000fc780000, 0x0000000100000000)
  eden space 167936K, 0% used [0x00000000eab00000,0x00000000eab00000,0x00000000f4f00000)
  from space 29184K, 99% used [0x00000000f4f00000,0x00000000f6b7fea0,0x00000000f6b80000)
  to   space 43008K, 0% used [0x00000000f9d80000,0x00000000f9d80000,0x00000000fc780000)
 ParOldGen       total 87040K, used 62187K [0x00000000c0000000, 0x00000000c5500000, 0x00000000eab00000)
  object space 87040K, 71% used [0x00000000c0000000,0x00000000c3cbacb8,0x00000000c5500000)
 Metaspace       used 64720K, capacity 66660K, committed 66776K, reserved 1107968K
  class space    used 8430K, capacity 8939K, committed 8960K, reserved 1048576K
}
Event: 28,506 GC heap before
{Heap before GC invocations=21 (full 3):
 PSYoungGen      total 197120K, used 194493K [0x00000000eab00000, 0x00000000fc780000, 0x0000000100000000)
  eden space 167936K, 98% used [0x00000000eab00000,0x00000000f4c6f7a8,0x00000000f4f00000)
  from space 29184K, 99% used [0x00000000f4f00000,0x00000000f6b7fea0,0x00000000f6b80000)
  to   space 43008K, 0% used [0x00000000f9d80000,0x00000000f9d80000,0x00000000fc780000)
 ParOldGen       total 87040K, used 62187K [0x00000000c0000000, 0x00000000c5500000, 0x00000000eab00000)
  object space 87040K, 71% used [0x00000000c0000000,0x00000000c3cbacb8,0x00000000c5500000)
 Metaspace       used 65315K, capacity 67300K, committed 67672K, reserved 1107968K
  class space    used 8492K, capacity 9003K, committed 9088K, reserved 1048576K
Event: 28,603 GC heap after
Heap after GC invocations=21 (full 3):
 PSYoungGen      total 238080K, used 43006K [0x00000000eab00000, 0x00000000fde80000, 0x0000000100000000)
  eden space 195072K, 0% used [0x00000000eab00000,0x00000000eab00000,0x00000000f6980000)
  from space 43008K, 99% used [0x00000000f9d80000,0x00000000fc77fb08,0x00000000fc780000)
  to   space 53248K, 0% used [0x00000000f6980000,0x00000000f6980000,0x00000000f9d80000)
 ParOldGen       total 87040K, used 69952K [0x00000000c0000000, 0x00000000c5500000, 0x00000000eab00000)
  object space 87040K, 80% used [0x00000000c0000000,0x00000000c4450080,0x00000000c5500000)
 Metaspace       used 65315K, capacity 67300K, committed 67672K, reserved 1107968K
  class space    used 8492K, capacity 9003K, committed 9088K, reserved 1048576K
}
Event: 46,431 GC heap before
{Heap before GC invocations=22 (full 3):
 PSYoungGen      total 238080K, used 238078K [0x00000000eab00000, 0x00000000fde80000, 0x0000000100000000)
  eden space 195072K, 100% used [0x00000000eab00000,0x00000000f6980000,0x00000000f6980000)
  from space 43008K, 99% used [0x00000000f9d80000,0x00000000fc77fb08,0x00000000fc780000)
  to   space 53248K, 0% used [0x00000000f6980000,0x00000000f6980000,0x00000000f9d80000)
 ParOldGen       total 87040K, used 69952K [0x00000000c0000000, 0x00000000c5500000, 0x00000000eab00000)
  object space 87040K, 80% used [0x00000000c0000000,0x00000000c4450080,0x00000000c5500000)
 Metaspace       used 65397K, capacity 67332K, committed 67672K, reserved 1107968K
  class space    used 8498K, capacity 9011K, committed 9088K, reserved 1048576K
Event: 46,638 GC heap after
Heap after GC invocations=22 (full 3):
 PSYoungGen      total 248320K, used 29744K [0x00000000eab00000, 0x00000000ffc00000, 0x0000000100000000)
  eden space 195072K, 0% used [0x00000000eab00000,0x00000000eab00000,0x00000000f6980000)
  from space 53248K, 55% used [0x00000000f6980000,0x00000000f868c398,0x00000000f9d80000)
  to   space 53760K, 0% used [0x00000000fc780000,0x00000000fc780000,0x00000000ffc00000)
 ParOldGen       total 87040K, used 80165K [0x00000000c0000000, 0x00000000c5500000, 0x00000000eab00000)
  object space 87040K, 92% used [0x00000000c0000000,0x00000000c4e495f0,0x00000000c5500000)
 Metaspace       used 65397K, capacity 67332K, committed 67672K, reserved 1107968K
  class space    used 8498K, capacity 9011K, committed 9088K, reserved 1048576K
}
Event: 46,715 GC heap before
{Heap before GC invocations=23 (full 4):
 PSYoungGen      total 248320K, used 29744K [0x00000000eab00000, 0x00000000ffc00000, 0x0000000100000000)
  eden space 195072K, 0% used [0x00000000eab00000,0x00000000eab00000,0x00000000f6980000)
  from space 53248K, 55% used [0x00000000f6980000,0x00000000f868c398,0x00000000f9d80000)
  to   space 53760K, 0% used [0x00000000fc780000,0x00000000fc780000,0x00000000ffc00000)
 ParOldGen       total 87040K, used 80165K [0x00000000c0000000, 0x00000000c5500000, 0x00000000eab00000)
  object space 87040K, 92% used [0x00000000c0000000,0x00000000c4e495f0,0x00000000c5500000)
 Metaspace       used 65397K, capacity 67332K, committed 67672K, reserved 1107968K
  class space    used 8498K, capacity 9011K, committed 9088K, reserved 1048576K

